<?xml version="1.0" encoding="UTF-8"?>
<!-- Generated by org.testng.reporters.JUnitReportReporter -->
<testsuite skipped="0" hostname="DESKTOP-URUOEJB" name="PageTest.HomePageTest" tests="5" failures="0" timestamp="2021-06-06T16:08:40 IST" time="87.306" errors="0">
  <testcase name="testPageTitle" time="16.152" classname="PageTest.HomePageTest"/>
  <system-out/>
  <testcase name="testPageWishlist" time="20.572" classname="PageTest.HomePageTest"/>
  <system-out/>
  <testcase name="testPageCart" time="15.444" classname="PageTest.HomePageTest"/>
  <system-out/>
  <testcase name="testPageNewArrival" time="19.286" classname="PageTest.HomePageTest"/>
  <system-out/>
  <testcase name="testHomePageSearch" time="15.852" classname="PageTest.HomePageTest"/>
  <system-out/>
</testsuite> <!-- PageTest.HomePageTest -->
