<?xml version="1.0" encoding="UTF-8"?>
<!-- Generated by org.testng.reporters.JUnitReportReporter -->
<testsuite skipped="0" hostname="DESKTOP-URUOEJB" name="PageTest.SearchPageTest" tests="3" failures="0" timestamp="2021-06-06T16:08:40 IST" time="66.138" errors="0">
  <testcase name="testsearchBoxIsDisplayOrNot" time="21.787" classname="PageTest.SearchPageTest"/>
  <system-out/>
  <testcase name="testsearchEnterKeyIsWorkingOrNot" time="17.961" classname="PageTest.SearchPageTest"/>
  <system-out/>
  <testcase name="testsearchIconClickIsWorkingOrNot" time="26.390" classname="PageTest.SearchPageTest"/>
  <system-out/>
</testsuite> <!-- PageTest.SearchPageTest -->
